[2021-06-04 21:46:20.143] [exthost] [info] extension host started
[2021-06-04 21:46:20.497] [exthost] [info] ExtensionService#_doActivateExtension vscode.microsoft-authentication {"startup":false,"extensionId":{"value":"vscode.microsoft-authentication","_lower":"vscode.microsoft-authentication"},"activationEvent":"onAuthenticationRequest:microsoft"}
[2021-06-04 21:46:20.497] [exthost] [info] ExtensionService#loadCommonJSModule file:///snap/code/65/usr/share/code/resources/app/extensions/microsoft-authentication/dist/extension.js
[2021-06-04 21:46:20.507] [exthost] [info] ExtensionService#_doActivateExtension vscode.debug-auto-launch {"startup":true,"extensionId":{"value":"vscode.debug-auto-launch","_lower":"vscode.debug-auto-launch"},"activationEvent":"*"}
[2021-06-04 21:46:20.507] [exthost] [info] ExtensionService#loadCommonJSModule file:///snap/code/65/usr/share/code/resources/app/extensions/debug-auto-launch/dist/extension
[2021-06-04 21:46:20.513] [exthost] [info] ExtensionService#_doActivateExtension vscode.git {"startup":true,"extensionId":{"value":"vscode.github","_lower":"vscode.github"},"activationEvent":"*"}
[2021-06-04 21:46:20.513] [exthost] [info] ExtensionService#loadCommonJSModule file:///snap/code/65/usr/share/code/resources/app/extensions/git/dist/main
[2021-06-04 21:46:20.532] [exthost] [info] ExtensionService#_doActivateExtension ecmel.vscode-html-css {"startup":true,"extensionId":{"value":"ecmel.vscode-html-css","_lower":"ecmel.vscode-html-css"},"activationEvent":"*"}
[2021-06-04 21:46:20.532] [exthost] [info] ExtensionService#loadCommonJSModule file:///home/seba/.vscode/extensions/ecmel.vscode-html-css-1.10.2/dist/extension.js
[2021-06-04 21:46:20.544] [exthost] [info] ExtensionService#_doActivateExtension Equinusocio.vsc-material-theme {"startup":true,"extensionId":{"value":"Equinusocio.vsc-material-theme","_lower":"equinusocio.vsc-material-theme"},"activationEvent":"*"}
[2021-06-04 21:46:20.544] [exthost] [info] ExtensionService#loadCommonJSModule file:///home/seba/.vscode/extensions/equinusocio.vsc-material-theme-33.1.2/build/material.theme.config
[2021-06-04 21:46:20.588] [exthost] [info] ExtensionService#_doActivateExtension equinusocio.vsc-material-theme-icons {"startup":true,"extensionId":{"value":"equinusocio.vsc-material-theme-icons","_lower":"equinusocio.vsc-material-theme-icons"},"activationEvent":"*"}
[2021-06-04 21:46:20.588] [exthost] [info] ExtensionService#loadCommonJSModule file:///home/seba/.vscode/extensions/equinusocio.vsc-material-theme-icons-1.2.2/out/src/extension
[2021-06-04 21:46:20.621] [exthost] [info] ExtensionService#_doActivateExtension formulahendry.auto-close-tag {"startup":true,"extensionId":{"value":"formulahendry.auto-close-tag","_lower":"formulahendry.auto-close-tag"},"activationEvent":"*"}
[2021-06-04 21:46:20.621] [exthost] [info] ExtensionService#loadCommonJSModule file:///home/seba/.vscode/extensions/formulahendry.auto-close-tag-0.5.10/out/src/extension
[2021-06-04 21:46:20.629] [exthost] [info] ExtensionService#_doActivateExtension formulahendry.auto-rename-tag {"startup":true,"extensionId":{"value":"formulahendry.auto-rename-tag","_lower":"formulahendry.auto-rename-tag"},"activationEvent":"*"}
[2021-06-04 21:46:20.629] [exthost] [info] ExtensionService#loadCommonJSModule file:///home/seba/.vscode/extensions/formulahendry.auto-rename-tag-0.1.6/packages/extension/dist/extensionMain.js
[2021-06-04 21:46:20.644] [exthost] [info] ExtensionService#_doActivateExtension HookyQR.beautify {"startup":true,"extensionId":{"value":"HookyQR.beautify","_lower":"hookyqr.beautify"},"activationEvent":"*"}
[2021-06-04 21:46:20.644] [exthost] [info] ExtensionService#loadCommonJSModule file:///home/seba/.vscode/extensions/hookyqr.beautify-1.5.0/extension
[2021-06-04 21:46:20.724] [exthost] [info] ExtensionService#_doActivateExtension kiteco.kite {"startup":true,"extensionId":{"value":"kiteco.kite","_lower":"kiteco.kite"},"activationEvent":"*"}
[2021-06-04 21:46:20.724] [exthost] [info] ExtensionService#loadCommonJSModule file:///home/seba/.vscode/extensions/kiteco.kite-0.142.0/dist/kite-extension
[2021-06-04 21:46:20.744] [exthost] [info] ExtensionService#_doActivateExtension PKief.material-icon-theme {"startup":true,"extensionId":{"value":"PKief.material-icon-theme","_lower":"pkief.material-icon-theme"},"activationEvent":"*"}
[2021-06-04 21:46:20.744] [exthost] [info] ExtensionService#loadCommonJSModule file:///home/seba/.vscode/extensions/pkief.material-icon-theme-4.6.0/dist/extension
[2021-06-04 21:46:20.752] [exthost] [info] ExtensionService#_doActivateExtension ritwickdey.LiveServer {"startup":true,"extensionId":{"value":"ritwickdey.LiveServer","_lower":"ritwickdey.liveserver"},"activationEvent":"*"}
[2021-06-04 21:46:20.752] [exthost] [info] ExtensionService#loadCommonJSModule file:///home/seba/.vscode/extensions/ritwickdey.liveserver-5.6.1/out/src/extension
[2021-06-04 21:46:21.291] [exthost] [info] ExtensionService#_doActivateExtension Shan.code-settings-sync {"startup":true,"extensionId":{"value":"Shan.code-settings-sync","_lower":"shan.code-settings-sync"},"activationEvent":"*"}
[2021-06-04 21:46:21.291] [exthost] [info] ExtensionService#loadCommonJSModule file:///home/seba/.vscode/extensions/shan.code-settings-sync-3.4.3/out/extension.js
[2021-06-04 21:46:21.326] [exthost] [info] ExtensionService#_doActivateExtension vscode-icons-team.vscode-icons {"startup":true,"extensionId":{"value":"vscode-icons-team.vscode-icons","_lower":"vscode-icons-team.vscode-icons"},"activationEvent":"*"}
[2021-06-04 21:46:21.326] [exthost] [info] ExtensionService#loadCommonJSModule file:///home/seba/.vscode/extensions/vscode-icons-team.vscode-icons-11.4.0/dist/src/vscode-icons.bundle.js
[2021-06-04 21:46:21.357] [exthost] [info] ExtensionService#_doActivateExtension vscodevim.vim {"startup":true,"extensionId":{"value":"vscodevim.vim","_lower":"vscodevim.vim"},"activationEvent":"*"}
[2021-06-04 21:46:21.357] [exthost] [info] ExtensionService#loadCommonJSModule file:///home/seba/.vscode/extensions/vscodevim.vim-1.20.2/out/extension
[2021-06-04 21:46:21.420] [exthost] [info] ExtensionService#_doActivateExtension zhuangtongfa.material-theme {"startup":true,"extensionId":{"value":"zhuangtongfa.material-theme","_lower":"zhuangtongfa.material-theme"},"activationEvent":"*"}
[2021-06-04 21:46:21.420] [exthost] [info] ExtensionService#loadCommonJSModule file:///home/seba/.vscode/extensions/zhuangtongfa.material-theme-3.10.14/out/extension.js
[2021-06-04 21:46:21.457] [exthost] [info] ExtensionService#_doActivateExtension vscode.npm {"startup":true,"extensionId":{"value":"vscode.npm","_lower":"vscode.npm"},"activationEvent":"workspaceContains:package.json"}
[2021-06-04 21:46:21.457] [exthost] [info] ExtensionService#loadCommonJSModule file:///snap/code/65/usr/share/code/resources/app/extensions/npm/dist/npmMain
[2021-06-04 21:46:21.476] [exthost] [info] ExtensionService#_doActivateExtension felixfbecker.php-intellisense {"startup":true,"extensionId":{"value":"felixfbecker.php-intellisense","_lower":"felixfbecker.php-intellisense"},"activationEvent":"workspaceContains:**/*.php"}
[2021-06-04 21:46:21.476] [exthost] [info] ExtensionService#loadCommonJSModule file:///home/seba/.vscode/extensions/felixfbecker.php-intellisense-2.3.14/out/extension
[2021-06-04 21:46:21.821] [exthost] [info] ExtensionService#_doActivateExtension ms-vscode.js-debug {"startup":false,"extensionId":{"value":"ms-vscode.js-debug","_lower":"ms-vscode.js-debug"},"activationEvent":"onCommand:extension.js-debug.clearAutoAttachVariables"}
[2021-06-04 21:46:21.821] [exthost] [info] ExtensionService#loadCommonJSModule file:///snap/code/65/usr/share/code/resources/app/extensions/ms-vscode.js-debug/src/extension.js
[2021-06-04 21:46:21.939] [exthost] [info] ExtensionService#_doActivateExtension vscode.github {"startup":false,"extensionId":{"value":"vscode.github","_lower":"vscode.github"},"activationEvent":"*"}
[2021-06-04 21:46:21.939] [exthost] [info] ExtensionService#loadCommonJSModule file:///snap/code/65/usr/share/code/resources/app/extensions/github/dist/extension.js
[2021-06-04 21:46:22.026] [exthost] [info] ExtensionService#_doActivateExtension vscode.github-authentication {"startup":false,"extensionId":{"value":"vscode.github-authentication","_lower":"vscode.github-authentication"},"activationEvent":"onAuthenticationRequest:github"}
[2021-06-04 21:46:22.026] [exthost] [info] ExtensionService#loadCommonJSModule file:///snap/code/65/usr/share/code/resources/app/extensions/github-authentication/dist/extension.js
[2021-06-04 21:46:23.995] [exthost] [info] eager extensions activated
[2021-06-04 21:46:23.996] [exthost] [info] ExtensionService#_doActivateExtension vscode.emmet {"startup":false,"extensionId":{"value":"vscode.emmet","_lower":"vscode.emmet"},"activationEvent":"onStartupFinished"}
[2021-06-04 21:46:23.996] [exthost] [info] ExtensionService#loadCommonJSModule file:///snap/code/65/usr/share/code/resources/app/extensions/emmet/dist/node/emmetNodeMain
[2021-06-04 21:46:24.003] [exthost] [info] ExtensionService#_doActivateExtension vscode.merge-conflict {"startup":false,"extensionId":{"value":"vscode.merge-conflict","_lower":"vscode.merge-conflict"},"activationEvent":"onStartupFinished"}
[2021-06-04 21:46:24.003] [exthost] [info] ExtensionService#loadCommonJSModule file:///snap/code/65/usr/share/code/resources/app/extensions/merge-conflict/dist/mergeConflictMain
[2021-06-04 21:46:24.006] [exthost] [info] ExtensionService#_doActivateExtension vscode.testing-editor-contributions {"startup":false,"extensionId":{"value":"vscode.testing-editor-contributions","_lower":"vscode.testing-editor-contributions"},"activationEvent":"onStartupFinished"}
[2021-06-04 21:46:24.006] [exthost] [info] ExtensionService#loadCommonJSModule file:///snap/code/65/usr/share/code/resources/app/extensions/testing-editor-contributions/dist/extension.js
[2021-06-04 21:46:24.007] [exthost] [info] ExtensionService#_doActivateExtension dbaeumer.vscode-eslint {"startup":false,"extensionId":{"value":"dbaeumer.vscode-eslint","_lower":"dbaeumer.vscode-eslint"},"activationEvent":"onStartupFinished"}
[2021-06-04 21:46:24.007] [exthost] [info] ExtensionService#loadCommonJSModule file:///home/seba/.vscode/extensions/dbaeumer.vscode-eslint-2.1.20/client/out/extension
[2021-06-04 21:46:24.020] [exthost] [info] ExtensionService#_doActivateExtension eamodio.gitlens {"startup":false,"extensionId":{"value":"eamodio.gitlens","_lower":"eamodio.gitlens"},"activationEvent":"onStartupFinished"}
[2021-06-04 21:46:24.020] [exthost] [info] ExtensionService#loadCommonJSModule file:///home/seba/.vscode/extensions/eamodio.gitlens-11.4.1/dist/gitlens
[2021-06-04 21:46:24.096] [exthost] [info] ExtensionService#_doActivateExtension esbenp.prettier-vscode {"startup":false,"extensionId":{"value":"esbenp.prettier-vscode","_lower":"esbenp.prettier-vscode"},"activationEvent":"onStartupFinished"}
[2021-06-04 21:46:24.096] [exthost] [info] ExtensionService#loadCommonJSModule file:///home/seba/.vscode/extensions/esbenp.prettier-vscode-6.4.0/dist/extension
[2021-06-04 21:46:25.688] [exthost] [info] ExtensionService#_doActivateExtension bradlc.vscode-tailwindcss {"startup":false,"extensionId":{"value":"bradlc.vscode-tailwindcss","_lower":"bradlc.vscode-tailwindcss"},"activationEvent":"onStartupFinished"}
[2021-06-04 21:46:25.689] [exthost] [info] ExtensionService#loadCommonJSModule file:///home/seba/.vscode/extensions/bradlc.vscode-tailwindcss-0.6.7/dist/extension/index.js
[2021-06-04 21:46:25.997] [exthost] [info] extension host terminating: received terminate message from renderer
[2021-06-04 21:46:26.790] [exthost] [info] extension host started
[2021-06-04 21:46:26.822] [exthost] [info] ExtensionService#_doActivateExtension vscode.microsoft-authentication {"startup":false,"extensionId":{"value":"vscode.microsoft-authentication","_lower":"vscode.microsoft-authentication"},"activationEvent":"onAuthenticationRequest:microsoft"}
[2021-06-04 21:46:26.822] [exthost] [info] ExtensionService#loadCommonJSModule file:///snap/code/65/usr/share/code/resources/app/extensions/microsoft-authentication/dist/extension.js
[2021-06-04 21:46:26.827] [exthost] [info] ExtensionService#_doActivateExtension vscode.debug-auto-launch {"startup":true,"extensionId":{"value":"vscode.debug-auto-launch","_lower":"vscode.debug-auto-launch"},"activationEvent":"*"}
[2021-06-04 21:46:26.827] [exthost] [info] ExtensionService#loadCommonJSModule file:///snap/code/65/usr/share/code/resources/app/extensions/debug-auto-launch/dist/extension
[2021-06-04 21:46:26.828] [exthost] [info] ExtensionService#_doActivateExtension vscode.git {"startup":true,"extensionId":{"value":"vscode.github","_lower":"vscode.github"},"activationEvent":"*"}
[2021-06-04 21:46:26.828] [exthost] [info] ExtensionService#loadCommonJSModule file:///snap/code/65/usr/share/code/resources/app/extensions/git/dist/main
[2021-06-04 21:46:26.838] [exthost] [info] ExtensionService#_doActivateExtension ecmel.vscode-html-css {"startup":true,"extensionId":{"value":"ecmel.vscode-html-css","_lower":"ecmel.vscode-html-css"},"activationEvent":"*"}
[2021-06-04 21:46:26.838] [exthost] [info] ExtensionService#loadCommonJSModule file:///home/seba/.vscode/extensions/ecmel.vscode-html-css-1.10.2/dist/extension.js
[2021-06-04 21:46:26.847] [exthost] [info] ExtensionService#_doActivateExtension Equinusocio.vsc-material-theme {"startup":true,"extensionId":{"value":"Equinusocio.vsc-material-theme","_lower":"equinusocio.vsc-material-theme"},"activationEvent":"*"}
[2021-06-04 21:46:26.847] [exthost] [info] ExtensionService#loadCommonJSModule file:///home/seba/.vscode/extensions/equinusocio.vsc-material-theme-33.1.2/build/material.theme.config
[2021-06-04 21:46:26.854] [exthost] [info] ExtensionService#_doActivateExtension equinusocio.vsc-material-theme-icons {"startup":true,"extensionId":{"value":"equinusocio.vsc-material-theme-icons","_lower":"equinusocio.vsc-material-theme-icons"},"activationEvent":"*"}
[2021-06-04 21:46:26.854] [exthost] [info] ExtensionService#loadCommonJSModule file:///home/seba/.vscode/extensions/equinusocio.vsc-material-theme-icons-1.2.2/out/src/extension
[2021-06-04 21:46:26.858] [exthost] [info] ExtensionService#_doActivateExtension formulahendry.auto-close-tag {"startup":true,"extensionId":{"value":"formulahendry.auto-close-tag","_lower":"formulahendry.auto-close-tag"},"activationEvent":"*"}
[2021-06-04 21:46:26.858] [exthost] [info] ExtensionService#loadCommonJSModule file:///home/seba/.vscode/extensions/formulahendry.auto-close-tag-0.5.10/out/src/extension
[2021-06-04 21:46:26.858] [exthost] [info] ExtensionService#_doActivateExtension formulahendry.auto-rename-tag {"startup":true,"extensionId":{"value":"formulahendry.auto-rename-tag","_lower":"formulahendry.auto-rename-tag"},"activationEvent":"*"}
[2021-06-04 21:46:26.858] [exthost] [info] ExtensionService#loadCommonJSModule file:///home/seba/.vscode/extensions/formulahendry.auto-rename-tag-0.1.6/packages/extension/dist/extensionMain.js
[2021-06-04 21:46:26.861] [exthost] [info] ExtensionService#_doActivateExtension HookyQR.beautify {"startup":true,"extensionId":{"value":"HookyQR.beautify","_lower":"hookyqr.beautify"},"activationEvent":"*"}
[2021-06-04 21:46:26.861] [exthost] [info] ExtensionService#loadCommonJSModule file:///home/seba/.vscode/extensions/hookyqr.beautify-1.5.0/extension
[2021-06-04 21:46:26.873] [exthost] [info] ExtensionService#_doActivateExtension kiteco.kite {"startup":true,"extensionId":{"value":"kiteco.kite","_lower":"kiteco.kite"},"activationEvent":"*"}
[2021-06-04 21:46:26.873] [exthost] [info] ExtensionService#loadCommonJSModule file:///home/seba/.vscode/extensions/kiteco.kite-0.147.0/dist/kite-extension
[2021-06-04 21:46:26.893] [exthost] [info] ExtensionService#_doActivateExtension PKief.material-icon-theme {"startup":true,"extensionId":{"value":"PKief.material-icon-theme","_lower":"pkief.material-icon-theme"},"activationEvent":"*"}
[2021-06-04 21:46:26.893] [exthost] [info] ExtensionService#loadCommonJSModule file:///home/seba/.vscode/extensions/pkief.material-icon-theme-4.7.0/dist/extension
[2021-06-04 21:46:26.905] [exthost] [info] ExtensionService#_doActivateExtension ritwickdey.LiveServer {"startup":true,"extensionId":{"value":"ritwickdey.LiveServer","_lower":"ritwickdey.liveserver"},"activationEvent":"*"}
[2021-06-04 21:46:26.905] [exthost] [info] ExtensionService#loadCommonJSModule file:///home/seba/.vscode/extensions/ritwickdey.liveserver-5.6.1/out/src/extension
[2021-06-04 21:46:27.004] [exthost] [info] ExtensionService#_doActivateExtension Shan.code-settings-sync {"startup":true,"extensionId":{"value":"Shan.code-settings-sync","_lower":"shan.code-settings-sync"},"activationEvent":"*"}
[2021-06-04 21:46:27.004] [exthost] [info] ExtensionService#loadCommonJSModule file:///home/seba/.vscode/extensions/shan.code-settings-sync-3.4.3/out/extension.js
[2021-06-04 21:46:27.015] [exthost] [info] exiting with code 0
[2021-06-04 21:46:27.032] [exthost] [info] ExtensionService#_doActivateExtension vscode-icons-team.vscode-icons {"startup":true,"extensionId":{"value":"vscode-icons-team.vscode-icons","_lower":"vscode-icons-team.vscode-icons"},"activationEvent":"*"}
[2021-06-04 21:46:27.032] [exthost] [info] ExtensionService#loadCommonJSModule file:///home/seba/.vscode/extensions/vscode-icons-team.vscode-icons-11.4.0/dist/src/vscode-icons.bundle.js
[2021-06-04 21:46:27.064] [exthost] [info] ExtensionService#_doActivateExtension vscodevim.vim {"startup":true,"extensionId":{"value":"vscodevim.vim","_lower":"vscodevim.vim"},"activationEvent":"*"}
[2021-06-04 21:46:27.064] [exthost] [info] ExtensionService#loadCommonJSModule file:///home/seba/.vscode/extensions/vscodevim.vim-1.20.3/out/extension
[2021-06-04 21:46:27.126] [exthost] [info] ExtensionService#_doActivateExtension zhuangtongfa.material-theme {"startup":true,"extensionId":{"value":"zhuangtongfa.material-theme","_lower":"zhuangtongfa.material-theme"},"activationEvent":"*"}
[2021-06-04 21:46:27.126] [exthost] [info] ExtensionService#loadCommonJSModule file:///home/seba/.vscode/extensions/zhuangtongfa.material-theme-3.10.14/out/extension.js
[2021-06-04 21:46:27.398] [exthost] [info] ExtensionService#_doActivateExtension ms-vscode.js-debug {"startup":false,"extensionId":{"value":"ms-vscode.js-debug","_lower":"ms-vscode.js-debug"},"activationEvent":"onCommand:extension.js-debug.clearAutoAttachVariables"}
[2021-06-04 21:46:27.398] [exthost] [info] ExtensionService#loadCommonJSModule file:///snap/code/65/usr/share/code/resources/app/extensions/ms-vscode.js-debug/src/extension.js
[2021-06-04 21:46:27.457] [exthost] [info] ExtensionService#_doActivateExtension vscode.github {"startup":false,"extensionId":{"value":"vscode.github","_lower":"vscode.github"},"activationEvent":"*"}
[2021-06-04 21:46:27.457] [exthost] [info] ExtensionService#loadCommonJSModule file:///snap/code/65/usr/share/code/resources/app/extensions/github/dist/extension.js
[2021-06-04 21:46:27.538] [exthost] [info] ExtensionService#_doActivateExtension vscode.github-authentication {"startup":false,"extensionId":{"value":"vscode.github-authentication","_lower":"vscode.github-authentication"},"activationEvent":"onAuthenticationRequest:github"}
[2021-06-04 21:46:27.538] [exthost] [info] ExtensionService#loadCommonJSModule file:///snap/code/65/usr/share/code/resources/app/extensions/github-authentication/dist/extension.js
[2021-06-04 21:46:27.854] [exthost] [info] eager extensions activated
[2021-06-04 21:46:27.856] [exthost] [info] ExtensionService#_doActivateExtension vscode.emmet {"startup":false,"extensionId":{"value":"vscode.emmet","_lower":"vscode.emmet"},"activationEvent":"onStartupFinished"}
[2021-06-04 21:46:27.856] [exthost] [info] ExtensionService#loadCommonJSModule file:///snap/code/65/usr/share/code/resources/app/extensions/emmet/dist/node/emmetNodeMain
[2021-06-04 21:46:27.859] [exthost] [info] ExtensionService#_doActivateExtension vscode.merge-conflict {"startup":false,"extensionId":{"value":"vscode.merge-conflict","_lower":"vscode.merge-conflict"},"activationEvent":"onStartupFinished"}
[2021-06-04 21:46:27.859] [exthost] [info] ExtensionService#loadCommonJSModule file:///snap/code/65/usr/share/code/resources/app/extensions/merge-conflict/dist/mergeConflictMain
[2021-06-04 21:46:27.860] [exthost] [info] ExtensionService#_doActivateExtension vscode.testing-editor-contributions {"startup":false,"extensionId":{"value":"vscode.testing-editor-contributions","_lower":"vscode.testing-editor-contributions"},"activationEvent":"onStartupFinished"}
[2021-06-04 21:46:27.860] [exthost] [info] ExtensionService#loadCommonJSModule file:///snap/code/65/usr/share/code/resources/app/extensions/testing-editor-contributions/dist/extension.js
[2021-06-04 21:46:27.860] [exthost] [info] ExtensionService#_doActivateExtension bradlc.vscode-tailwindcss {"startup":false,"extensionId":{"value":"bradlc.vscode-tailwindcss","_lower":"bradlc.vscode-tailwindcss"},"activationEvent":"onStartupFinished"}
[2021-06-04 21:46:27.860] [exthost] [info] ExtensionService#loadCommonJSModule file:///home/seba/.vscode/extensions/bradlc.vscode-tailwindcss-0.6.7/dist/extension/index.js
[2021-06-04 21:46:27.879] [exthost] [info] ExtensionService#_doActivateExtension dbaeumer.vscode-eslint {"startup":false,"extensionId":{"value":"dbaeumer.vscode-eslint","_lower":"dbaeumer.vscode-eslint"},"activationEvent":"onStartupFinished"}
[2021-06-04 21:46:27.879] [exthost] [info] ExtensionService#loadCommonJSModule file:///home/seba/.vscode/extensions/dbaeumer.vscode-eslint-2.1.20/client/out/extension
[2021-06-04 21:46:27.882] [exthost] [info] ExtensionService#_doActivateExtension eamodio.gitlens {"startup":false,"extensionId":{"value":"eamodio.gitlens","_lower":"eamodio.gitlens"},"activationEvent":"onStartupFinished"}
[2021-06-04 21:46:27.882] [exthost] [info] ExtensionService#loadCommonJSModule file:///home/seba/.vscode/extensions/eamodio.gitlens-11.4.1/dist/gitlens
[2021-06-04 21:46:27.952] [exthost] [info] ExtensionService#_doActivateExtension esbenp.prettier-vscode {"startup":false,"extensionId":{"value":"esbenp.prettier-vscode","_lower":"esbenp.prettier-vscode"},"activationEvent":"onStartupFinished"}
[2021-06-04 21:46:27.952] [exthost] [info] ExtensionService#loadCommonJSModule file:///home/seba/.vscode/extensions/esbenp.prettier-vscode-6.4.0/dist/extension
[2021-06-04 21:46:29.626] [exthost] [info] extension host terminating: received terminate message from renderer
[2021-06-04 21:46:30.644] [exthost] [info] exiting with code 0
