[2021-06-04 22:47:21.484] [exthost] [info] extension host started
[2021-06-04 22:47:21.511] [exthost] [info] ExtensionService#_doActivateExtension vscode.microsoft-authentication {"startup":false,"extensionId":{"value":"vscode.microsoft-authentication","_lower":"vscode.microsoft-authentication"},"activationEvent":"onAuthenticationRequest:microsoft"}
[2021-06-04 22:47:21.511] [exthost] [info] ExtensionService#loadCommonJSModule file:///snap/code/65/usr/share/code/resources/app/extensions/microsoft-authentication/dist/extension.js
[2021-06-04 22:47:21.516] [exthost] [info] ExtensionService#_doActivateExtension vscode.debug-auto-launch {"startup":true,"extensionId":{"value":"vscode.debug-auto-launch","_lower":"vscode.debug-auto-launch"},"activationEvent":"*"}
[2021-06-04 22:47:21.516] [exthost] [info] ExtensionService#loadCommonJSModule file:///snap/code/65/usr/share/code/resources/app/extensions/debug-auto-launch/dist/extension
[2021-06-04 22:47:21.517] [exthost] [info] ExtensionService#_doActivateExtension vscode.git {"startup":true,"extensionId":{"value":"vscode.github","_lower":"vscode.github"},"activationEvent":"*"}
[2021-06-04 22:47:21.517] [exthost] [info] ExtensionService#loadCommonJSModule file:///snap/code/65/usr/share/code/resources/app/extensions/git/dist/main
[2021-06-04 22:47:21.526] [exthost] [info] ExtensionService#_doActivateExtension ecmel.vscode-html-css {"startup":true,"extensionId":{"value":"ecmel.vscode-html-css","_lower":"ecmel.vscode-html-css"},"activationEvent":"*"}
[2021-06-04 22:47:21.526] [exthost] [info] ExtensionService#loadCommonJSModule file:///home/seba/.vscode/extensions/ecmel.vscode-html-css-1.10.2/dist/extension.js
[2021-06-04 22:47:21.533] [exthost] [info] ExtensionService#_doActivateExtension Equinusocio.vsc-material-theme {"startup":true,"extensionId":{"value":"Equinusocio.vsc-material-theme","_lower":"equinusocio.vsc-material-theme"},"activationEvent":"*"}
[2021-06-04 22:47:21.533] [exthost] [info] ExtensionService#loadCommonJSModule file:///home/seba/.vscode/extensions/equinusocio.vsc-material-theme-33.1.2/build/material.theme.config
[2021-06-04 22:47:21.536] [exthost] [info] ExtensionService#_doActivateExtension equinusocio.vsc-material-theme-icons {"startup":true,"extensionId":{"value":"equinusocio.vsc-material-theme-icons","_lower":"equinusocio.vsc-material-theme-icons"},"activationEvent":"*"}
[2021-06-04 22:47:21.536] [exthost] [info] ExtensionService#loadCommonJSModule file:///home/seba/.vscode/extensions/equinusocio.vsc-material-theme-icons-1.2.2/out/src/extension
[2021-06-04 22:47:21.539] [exthost] [info] ExtensionService#_doActivateExtension formulahendry.auto-close-tag {"startup":true,"extensionId":{"value":"formulahendry.auto-close-tag","_lower":"formulahendry.auto-close-tag"},"activationEvent":"*"}
[2021-06-04 22:47:21.539] [exthost] [info] ExtensionService#loadCommonJSModule file:///home/seba/.vscode/extensions/formulahendry.auto-close-tag-0.5.10/out/src/extension
[2021-06-04 22:47:21.540] [exthost] [info] ExtensionService#_doActivateExtension formulahendry.auto-rename-tag {"startup":true,"extensionId":{"value":"formulahendry.auto-rename-tag","_lower":"formulahendry.auto-rename-tag"},"activationEvent":"*"}
[2021-06-04 22:47:21.540] [exthost] [info] ExtensionService#loadCommonJSModule file:///home/seba/.vscode/extensions/formulahendry.auto-rename-tag-0.1.6/packages/extension/dist/extensionMain.js
[2021-06-04 22:47:21.543] [exthost] [info] ExtensionService#_doActivateExtension HookyQR.beautify {"startup":true,"extensionId":{"value":"HookyQR.beautify","_lower":"hookyqr.beautify"},"activationEvent":"*"}
[2021-06-04 22:47:21.543] [exthost] [info] ExtensionService#loadCommonJSModule file:///home/seba/.vscode/extensions/hookyqr.beautify-1.5.0/extension
[2021-06-04 22:47:21.553] [exthost] [info] ExtensionService#_doActivateExtension kiteco.kite {"startup":true,"extensionId":{"value":"kiteco.kite","_lower":"kiteco.kite"},"activationEvent":"*"}
[2021-06-04 22:47:21.553] [exthost] [info] ExtensionService#loadCommonJSModule file:///home/seba/.vscode/extensions/kiteco.kite-0.147.0/dist/kite-extension
[2021-06-04 22:47:21.573] [exthost] [info] ExtensionService#_doActivateExtension PKief.material-icon-theme {"startup":true,"extensionId":{"value":"PKief.material-icon-theme","_lower":"pkief.material-icon-theme"},"activationEvent":"*"}
[2021-06-04 22:47:21.573] [exthost] [info] ExtensionService#loadCommonJSModule file:///home/seba/.vscode/extensions/pkief.material-icon-theme-4.7.0/dist/extension
[2021-06-04 22:47:21.586] [exthost] [info] ExtensionService#_doActivateExtension ritwickdey.LiveServer {"startup":true,"extensionId":{"value":"ritwickdey.LiveServer","_lower":"ritwickdey.liveserver"},"activationEvent":"*"}
[2021-06-04 22:47:21.586] [exthost] [info] ExtensionService#loadCommonJSModule file:///home/seba/.vscode/extensions/ritwickdey.liveserver-5.6.1/out/src/extension
[2021-06-04 22:47:21.686] [exthost] [info] ExtensionService#_doActivateExtension Shan.code-settings-sync {"startup":true,"extensionId":{"value":"Shan.code-settings-sync","_lower":"shan.code-settings-sync"},"activationEvent":"*"}
[2021-06-04 22:47:21.686] [exthost] [info] ExtensionService#loadCommonJSModule file:///home/seba/.vscode/extensions/shan.code-settings-sync-3.4.3/out/extension.js
[2021-06-04 22:47:21.711] [exthost] [info] ExtensionService#_doActivateExtension vscode-icons-team.vscode-icons {"startup":true,"extensionId":{"value":"vscode-icons-team.vscode-icons","_lower":"vscode-icons-team.vscode-icons"},"activationEvent":"*"}
[2021-06-04 22:47:21.711] [exthost] [info] ExtensionService#loadCommonJSModule file:///home/seba/.vscode/extensions/vscode-icons-team.vscode-icons-11.4.0/dist/src/vscode-icons.bundle.js
[2021-06-04 22:47:21.737] [exthost] [info] ExtensionService#_doActivateExtension vscodevim.vim {"startup":true,"extensionId":{"value":"vscodevim.vim","_lower":"vscodevim.vim"},"activationEvent":"*"}
[2021-06-04 22:47:21.737] [exthost] [info] ExtensionService#loadCommonJSModule file:///home/seba/.vscode/extensions/vscodevim.vim-1.20.3/out/extension
[2021-06-04 22:47:21.789] [exthost] [info] ExtensionService#_doActivateExtension zhuangtongfa.material-theme {"startup":true,"extensionId":{"value":"zhuangtongfa.material-theme","_lower":"zhuangtongfa.material-theme"},"activationEvent":"*"}
[2021-06-04 22:47:21.789] [exthost] [info] ExtensionService#loadCommonJSModule file:///home/seba/.vscode/extensions/zhuangtongfa.material-theme-3.10.14/out/extension.js
[2021-06-04 22:47:22.005] [exthost] [info] ExtensionService#_doActivateExtension ms-vscode.js-debug {"startup":false,"extensionId":{"value":"ms-vscode.js-debug","_lower":"ms-vscode.js-debug"},"activationEvent":"onCommand:extension.js-debug.clearAutoAttachVariables"}
[2021-06-04 22:47:22.005] [exthost] [info] ExtensionService#loadCommonJSModule file:///snap/code/65/usr/share/code/resources/app/extensions/ms-vscode.js-debug/src/extension.js
[2021-06-04 22:47:22.061] [exthost] [info] ExtensionService#_doActivateExtension vscode.github {"startup":false,"extensionId":{"value":"vscode.github","_lower":"vscode.github"},"activationEvent":"*"}
[2021-06-04 22:47:22.061] [exthost] [info] ExtensionService#loadCommonJSModule file:///snap/code/65/usr/share/code/resources/app/extensions/github/dist/extension.js
[2021-06-04 22:47:22.260] [exthost] [info] ExtensionService#_doActivateExtension vscode.github-authentication {"startup":false,"extensionId":{"value":"vscode.github-authentication","_lower":"vscode.github-authentication"},"activationEvent":"onAuthenticationRequest:github"}
[2021-06-04 22:47:22.260] [exthost] [info] ExtensionService#loadCommonJSModule file:///snap/code/65/usr/share/code/resources/app/extensions/github-authentication/dist/extension.js
[2021-06-04 22:47:22.597] [exthost] [info] eager extensions activated
[2021-06-04 22:47:22.598] [exthost] [info] ExtensionService#_doActivateExtension vscode.emmet {"startup":false,"extensionId":{"value":"vscode.emmet","_lower":"vscode.emmet"},"activationEvent":"onStartupFinished"}
[2021-06-04 22:47:22.598] [exthost] [info] ExtensionService#loadCommonJSModule file:///snap/code/65/usr/share/code/resources/app/extensions/emmet/dist/node/emmetNodeMain
[2021-06-04 22:47:22.602] [exthost] [info] ExtensionService#_doActivateExtension vscode.merge-conflict {"startup":false,"extensionId":{"value":"vscode.merge-conflict","_lower":"vscode.merge-conflict"},"activationEvent":"onStartupFinished"}
[2021-06-04 22:47:22.602] [exthost] [info] ExtensionService#loadCommonJSModule file:///snap/code/65/usr/share/code/resources/app/extensions/merge-conflict/dist/mergeConflictMain
[2021-06-04 22:47:22.603] [exthost] [info] ExtensionService#_doActivateExtension vscode.testing-editor-contributions {"startup":false,"extensionId":{"value":"vscode.testing-editor-contributions","_lower":"vscode.testing-editor-contributions"},"activationEvent":"onStartupFinished"}
[2021-06-04 22:47:22.603] [exthost] [info] ExtensionService#loadCommonJSModule file:///snap/code/65/usr/share/code/resources/app/extensions/testing-editor-contributions/dist/extension.js
[2021-06-04 22:47:22.605] [exthost] [info] ExtensionService#_doActivateExtension bradlc.vscode-tailwindcss {"startup":false,"extensionId":{"value":"bradlc.vscode-tailwindcss","_lower":"bradlc.vscode-tailwindcss"},"activationEvent":"onStartupFinished"}
[2021-06-04 22:47:22.605] [exthost] [info] ExtensionService#loadCommonJSModule file:///home/seba/.vscode/extensions/bradlc.vscode-tailwindcss-0.6.7/dist/extension/index.js
[2021-06-04 22:47:22.624] [exthost] [info] ExtensionService#_doActivateExtension dbaeumer.vscode-eslint {"startup":false,"extensionId":{"value":"dbaeumer.vscode-eslint","_lower":"dbaeumer.vscode-eslint"},"activationEvent":"onStartupFinished"}
[2021-06-04 22:47:22.624] [exthost] [info] ExtensionService#loadCommonJSModule file:///home/seba/.vscode/extensions/dbaeumer.vscode-eslint-2.1.20/client/out/extension
[2021-06-04 22:47:22.628] [exthost] [info] ExtensionService#_doActivateExtension eamodio.gitlens {"startup":false,"extensionId":{"value":"eamodio.gitlens","_lower":"eamodio.gitlens"},"activationEvent":"onStartupFinished"}
[2021-06-04 22:47:22.628] [exthost] [info] ExtensionService#loadCommonJSModule file:///home/seba/.vscode/extensions/eamodio.gitlens-11.4.1/dist/gitlens
[2021-06-04 22:47:22.705] [exthost] [info] ExtensionService#_doActivateExtension esbenp.prettier-vscode {"startup":false,"extensionId":{"value":"esbenp.prettier-vscode","_lower":"esbenp.prettier-vscode"},"activationEvent":"onStartupFinished"}
[2021-06-04 22:47:22.706] [exthost] [info] ExtensionService#loadCommonJSModule file:///home/seba/.vscode/extensions/esbenp.prettier-vscode-6.4.0/dist/extension
[2021-06-05 00:01:39.566] [exthost] [info] extension host terminating: received terminate message from renderer
[2021-06-05 00:01:40.452] [exthost] [info] extension host started
[2021-06-05 00:01:40.474] [exthost] [info] ExtensionService#_doActivateExtension vscode.microsoft-authentication {"startup":false,"extensionId":{"value":"vscode.microsoft-authentication","_lower":"vscode.microsoft-authentication"},"activationEvent":"onAuthenticationRequest:microsoft"}
[2021-06-05 00:01:40.474] [exthost] [info] ExtensionService#loadCommonJSModule file:///snap/code/65/usr/share/code/resources/app/extensions/microsoft-authentication/dist/extension.js
[2021-06-05 00:01:40.478] [exthost] [info] ExtensionService#_doActivateExtension vscode.debug-auto-launch {"startup":true,"extensionId":{"value":"vscode.debug-auto-launch","_lower":"vscode.debug-auto-launch"},"activationEvent":"*"}
[2021-06-05 00:01:40.478] [exthost] [info] ExtensionService#loadCommonJSModule file:///snap/code/65/usr/share/code/resources/app/extensions/debug-auto-launch/dist/extension
[2021-06-05 00:01:40.479] [exthost] [info] ExtensionService#_doActivateExtension vscode.git {"startup":true,"extensionId":{"value":"vscode.github","_lower":"vscode.github"},"activationEvent":"*"}
[2021-06-05 00:01:40.479] [exthost] [info] ExtensionService#loadCommonJSModule file:///snap/code/65/usr/share/code/resources/app/extensions/git/dist/main
[2021-06-05 00:01:40.488] [exthost] [info] ExtensionService#_doActivateExtension ecmel.vscode-html-css {"startup":true,"extensionId":{"value":"ecmel.vscode-html-css","_lower":"ecmel.vscode-html-css"},"activationEvent":"*"}
[2021-06-05 00:01:40.488] [exthost] [info] ExtensionService#loadCommonJSModule file:///home/seba/.vscode/extensions/ecmel.vscode-html-css-1.10.2/dist/extension.js
[2021-06-05 00:01:40.495] [exthost] [info] ExtensionService#_doActivateExtension Equinusocio.vsc-material-theme {"startup":true,"extensionId":{"value":"Equinusocio.vsc-material-theme","_lower":"equinusocio.vsc-material-theme"},"activationEvent":"*"}
[2021-06-05 00:01:40.496] [exthost] [info] ExtensionService#loadCommonJSModule file:///home/seba/.vscode/extensions/equinusocio.vsc-material-theme-33.1.2/build/material.theme.config
[2021-06-05 00:01:40.499] [exthost] [info] ExtensionService#_doActivateExtension equinusocio.vsc-material-theme-icons {"startup":true,"extensionId":{"value":"equinusocio.vsc-material-theme-icons","_lower":"equinusocio.vsc-material-theme-icons"},"activationEvent":"*"}
[2021-06-05 00:01:40.499] [exthost] [info] ExtensionService#loadCommonJSModule file:///home/seba/.vscode/extensions/equinusocio.vsc-material-theme-icons-1.2.2/out/src/extension
[2021-06-05 00:01:40.502] [exthost] [info] ExtensionService#_doActivateExtension formulahendry.auto-close-tag {"startup":true,"extensionId":{"value":"formulahendry.auto-close-tag","_lower":"formulahendry.auto-close-tag"},"activationEvent":"*"}
[2021-06-05 00:01:40.502] [exthost] [info] ExtensionService#loadCommonJSModule file:///home/seba/.vscode/extensions/formulahendry.auto-close-tag-0.5.10/out/src/extension
[2021-06-05 00:01:40.502] [exthost] [info] ExtensionService#_doActivateExtension formulahendry.auto-rename-tag {"startup":true,"extensionId":{"value":"formulahendry.auto-rename-tag","_lower":"formulahendry.auto-rename-tag"},"activationEvent":"*"}
[2021-06-05 00:01:40.502] [exthost] [info] ExtensionService#loadCommonJSModule file:///home/seba/.vscode/extensions/formulahendry.auto-rename-tag-0.1.6/packages/extension/dist/extensionMain.js
[2021-06-05 00:01:40.505] [exthost] [info] ExtensionService#_doActivateExtension HookyQR.beautify {"startup":true,"extensionId":{"value":"HookyQR.beautify","_lower":"hookyqr.beautify"},"activationEvent":"*"}
[2021-06-05 00:01:40.505] [exthost] [info] ExtensionService#loadCommonJSModule file:///home/seba/.vscode/extensions/hookyqr.beautify-1.5.0/extension
[2021-06-05 00:01:40.517] [exthost] [info] ExtensionService#_doActivateExtension kiteco.kite {"startup":true,"extensionId":{"value":"kiteco.kite","_lower":"kiteco.kite"},"activationEvent":"*"}
[2021-06-05 00:01:40.517] [exthost] [info] ExtensionService#loadCommonJSModule file:///home/seba/.vscode/extensions/kiteco.kite-0.147.0/dist/kite-extension
[2021-06-05 00:01:40.537] [exthost] [info] ExtensionService#_doActivateExtension PKief.material-icon-theme {"startup":true,"extensionId":{"value":"PKief.material-icon-theme","_lower":"pkief.material-icon-theme"},"activationEvent":"*"}
[2021-06-05 00:01:40.537] [exthost] [info] ExtensionService#loadCommonJSModule file:///home/seba/.vscode/extensions/pkief.material-icon-theme-4.7.0/dist/extension
[2021-06-05 00:01:40.548] [exthost] [info] ExtensionService#_doActivateExtension ritwickdey.LiveServer {"startup":true,"extensionId":{"value":"ritwickdey.LiveServer","_lower":"ritwickdey.liveserver"},"activationEvent":"*"}
[2021-06-05 00:01:40.548] [exthost] [info] ExtensionService#loadCommonJSModule file:///home/seba/.vscode/extensions/ritwickdey.liveserver-5.6.1/out/src/extension
[2021-06-05 00:01:40.584] [exthost] [info] exiting with code 0
[2021-06-05 00:01:40.642] [exthost] [info] ExtensionService#_doActivateExtension Shan.code-settings-sync {"startup":true,"extensionId":{"value":"Shan.code-settings-sync","_lower":"shan.code-settings-sync"},"activationEvent":"*"}
[2021-06-05 00:01:40.642] [exthost] [info] ExtensionService#loadCommonJSModule file:///home/seba/.vscode/extensions/shan.code-settings-sync-3.4.3/out/extension.js
[2021-06-05 00:01:40.666] [exthost] [info] ExtensionService#_doActivateExtension vscode-icons-team.vscode-icons {"startup":true,"extensionId":{"value":"vscode-icons-team.vscode-icons","_lower":"vscode-icons-team.vscode-icons"},"activationEvent":"*"}
[2021-06-05 00:01:40.666] [exthost] [info] ExtensionService#loadCommonJSModule file:///home/seba/.vscode/extensions/vscode-icons-team.vscode-icons-11.4.0/dist/src/vscode-icons.bundle.js
[2021-06-05 00:01:40.692] [exthost] [info] ExtensionService#_doActivateExtension vscodevim.vim {"startup":true,"extensionId":{"value":"vscodevim.vim","_lower":"vscodevim.vim"},"activationEvent":"*"}
[2021-06-05 00:01:40.692] [exthost] [info] ExtensionService#loadCommonJSModule file:///home/seba/.vscode/extensions/vscodevim.vim-1.20.3/out/extension
[2021-06-05 00:01:40.745] [exthost] [info] ExtensionService#_doActivateExtension zhuangtongfa.material-theme {"startup":true,"extensionId":{"value":"zhuangtongfa.material-theme","_lower":"zhuangtongfa.material-theme"},"activationEvent":"*"}
[2021-06-05 00:01:40.745] [exthost] [info] ExtensionService#loadCommonJSModule file:///home/seba/.vscode/extensions/zhuangtongfa.material-theme-3.10.14/out/extension.js
[2021-06-05 00:01:40.753] [exthost] [info] ExtensionService#_doActivateExtension vscode.npm {"startup":true,"extensionId":{"value":"vscode.npm","_lower":"vscode.npm"},"activationEvent":"workspaceContains:package.json"}
[2021-06-05 00:01:40.753] [exthost] [info] ExtensionService#loadCommonJSModule file:///snap/code/65/usr/share/code/resources/app/extensions/npm/dist/npmMain
[2021-06-05 00:01:40.896] [exthost] [info] ExtensionService#_doActivateExtension felixfbecker.php-intellisense {"startup":true,"extensionId":{"value":"felixfbecker.php-intellisense","_lower":"felixfbecker.php-intellisense"},"activationEvent":"workspaceContains:**/*.php"}
[2021-06-05 00:01:40.896] [exthost] [info] ExtensionService#loadCommonJSModule file:///home/seba/.vscode/extensions/felixfbecker.php-intellisense-2.3.14/out/extension
[2021-06-05 00:01:41.057] [exthost] [info] ExtensionService#_doActivateExtension ms-vscode.js-debug {"startup":false,"extensionId":{"value":"ms-vscode.js-debug","_lower":"ms-vscode.js-debug"},"activationEvent":"onCommand:extension.js-debug.clearAutoAttachVariables"}
[2021-06-05 00:01:41.057] [exthost] [info] ExtensionService#loadCommonJSModule file:///snap/code/65/usr/share/code/resources/app/extensions/ms-vscode.js-debug/src/extension.js
[2021-06-05 00:01:41.117] [exthost] [info] ExtensionService#_doActivateExtension vscode.github {"startup":false,"extensionId":{"value":"vscode.github","_lower":"vscode.github"},"activationEvent":"*"}
[2021-06-05 00:01:41.117] [exthost] [info] ExtensionService#loadCommonJSModule file:///snap/code/65/usr/share/code/resources/app/extensions/github/dist/extension.js
[2021-06-05 00:01:41.127] [exthost] [info] ExtensionService#_doActivateExtension vscode.github-authentication {"startup":false,"extensionId":{"value":"vscode.github-authentication","_lower":"vscode.github-authentication"},"activationEvent":"onAuthenticationRequest:github"}
[2021-06-05 00:01:41.127] [exthost] [info] ExtensionService#loadCommonJSModule file:///snap/code/65/usr/share/code/resources/app/extensions/github-authentication/dist/extension.js
[2021-06-05 00:01:41.699] [exthost] [info] eager extensions activated
[2021-06-05 00:01:41.700] [exthost] [info] ExtensionService#_doActivateExtension vscode.emmet {"startup":false,"extensionId":{"value":"vscode.emmet","_lower":"vscode.emmet"},"activationEvent":"onStartupFinished"}
[2021-06-05 00:01:41.700] [exthost] [info] ExtensionService#loadCommonJSModule file:///snap/code/65/usr/share/code/resources/app/extensions/emmet/dist/node/emmetNodeMain
[2021-06-05 00:01:41.702] [exthost] [info] ExtensionService#_doActivateExtension vscode.merge-conflict {"startup":false,"extensionId":{"value":"vscode.merge-conflict","_lower":"vscode.merge-conflict"},"activationEvent":"onStartupFinished"}
[2021-06-05 00:01:41.702] [exthost] [info] ExtensionService#loadCommonJSModule file:///snap/code/65/usr/share/code/resources/app/extensions/merge-conflict/dist/mergeConflictMain
[2021-06-05 00:01:41.703] [exthost] [info] ExtensionService#_doActivateExtension vscode.testing-editor-contributions {"startup":false,"extensionId":{"value":"vscode.testing-editor-contributions","_lower":"vscode.testing-editor-contributions"},"activationEvent":"onStartupFinished"}
[2021-06-05 00:01:41.703] [exthost] [info] ExtensionService#loadCommonJSModule file:///snap/code/65/usr/share/code/resources/app/extensions/testing-editor-contributions/dist/extension.js
[2021-06-05 00:01:41.703] [exthost] [info] ExtensionService#_doActivateExtension bradlc.vscode-tailwindcss {"startup":false,"extensionId":{"value":"bradlc.vscode-tailwindcss","_lower":"bradlc.vscode-tailwindcss"},"activationEvent":"onStartupFinished"}
[2021-06-05 00:01:41.704] [exthost] [info] ExtensionService#loadCommonJSModule file:///home/seba/.vscode/extensions/bradlc.vscode-tailwindcss-0.6.7/dist/extension/index.js
[2021-06-05 00:01:41.708] [exthost] [info] ExtensionService#_doActivateExtension dbaeumer.vscode-eslint {"startup":false,"extensionId":{"value":"dbaeumer.vscode-eslint","_lower":"dbaeumer.vscode-eslint"},"activationEvent":"onStartupFinished"}
[2021-06-05 00:01:41.708] [exthost] [info] ExtensionService#loadCommonJSModule file:///home/seba/.vscode/extensions/dbaeumer.vscode-eslint-2.1.20/client/out/extension
[2021-06-05 00:01:41.711] [exthost] [info] ExtensionService#_doActivateExtension eamodio.gitlens {"startup":false,"extensionId":{"value":"eamodio.gitlens","_lower":"eamodio.gitlens"},"activationEvent":"onStartupFinished"}
[2021-06-05 00:01:41.711] [exthost] [info] ExtensionService#loadCommonJSModule file:///home/seba/.vscode/extensions/eamodio.gitlens-11.4.1/dist/gitlens
[2021-06-05 00:01:41.780] [exthost] [info] ExtensionService#_doActivateExtension esbenp.prettier-vscode {"startup":false,"extensionId":{"value":"esbenp.prettier-vscode","_lower":"esbenp.prettier-vscode"},"activationEvent":"onStartupFinished"}
[2021-06-05 00:01:41.780] [exthost] [info] ExtensionService#loadCommonJSModule file:///home/seba/.vscode/extensions/esbenp.prettier-vscode-6.4.0/dist/extension
[2021-06-05 00:01:53.121] [exthost] [info] ExtensionService#_doActivateExtension vscode.configuration-editing {"startup":false,"extensionId":{"value":"vscode.configuration-editing","_lower":"vscode.configuration-editing"},"activationEvent":"onLanguage:jsonc"}
[2021-06-05 00:01:53.121] [exthost] [info] ExtensionService#loadCommonJSModule file:///snap/code/65/usr/share/code/resources/app/extensions/configuration-editing/dist/configurationEditingMain
[2021-06-05 00:01:53.127] [exthost] [info] ExtensionService#_doActivateExtension vscode.json-language-features {"startup":false,"extensionId":{"value":"vscode.json-language-features","_lower":"vscode.json-language-features"},"activationEvent":"onLanguage:jsonc"}
[2021-06-05 00:01:53.127] [exthost] [info] ExtensionService#loadCommonJSModule file:///snap/code/65/usr/share/code/resources/app/extensions/json-language-features/client/dist/node/jsonClientMain
[2021-06-05 00:01:53.147] [exthost] [info] ExtensionService#_doActivateExtension vscode.typescript-language-features {"startup":false,"extensionId":{"value":"vscode.typescript-language-features","_lower":"vscode.typescript-language-features"},"activationEvent":"onLanguage:jsonc"}
[2021-06-05 00:01:53.148] [exthost] [info] ExtensionService#loadCommonJSModule file:///snap/code/65/usr/share/code/resources/app/extensions/typescript-language-features/dist/extension
[2021-06-05 00:02:49.373] [exthost] [info] ExtensionService#_doActivateExtension onecentlin.laravel-blade {"startup":false,"extensionId":{"value":"onecentlin.laravel-blade","_lower":"onecentlin.laravel-blade"},"activationEvent":"onLanguage:blade"}
[2021-06-05 00:02:49.373] [exthost] [info] ExtensionService#loadCommonJSModule file:///home/seba/.vscode/extensions/onecentlin.laravel-blade-1.25.0/out/extension
[2021-06-05 00:02:49.936] [exthost] [error] [bradlc.vscode-tailwindcss] provider FAILED
[2021-06-05 00:02:49.939] [exthost] [error] TypeError: Cannot read property 'contents' of undefined
    at Object.<anonymous> (/home/seba/.vscode/extensions/bradlc.vscode-tailwindcss-0.6.7/dist/extension/index.js:1:285810)
    at Generator.next (<anonymous>)
    at s (/home/seba/.vscode/extensions/bradlc.vscode-tailwindcss-0.6.7/dist/extension/index.js:1:283355)
    at runNextTicks (internal/process/task_queues.js:58:5)
    at processImmediate (internal/timers.js:434:9)
[2021-06-05 00:07:09.166] [exthost] [error] [bradlc.vscode-tailwindcss] provider FAILED
[2021-06-05 00:07:09.167] [exthost] [error] TypeError: Cannot read property 'contents' of undefined
    at Object.<anonymous> (/home/seba/.vscode/extensions/bradlc.vscode-tailwindcss-0.6.7/dist/extension/index.js:1:285810)
    at Generator.next (<anonymous>)
    at s (/home/seba/.vscode/extensions/bradlc.vscode-tailwindcss-0.6.7/dist/extension/index.js:1:283355)
[2021-06-05 00:07:14.452] [exthost] [info] extension host terminating: received terminate message from renderer
[2021-06-05 00:07:15.467] [exthost] [info] exiting with code 0
